{"level":"info","message":"Navigating to the Website","timestamp":"2019-06-24T12:16:49.957Z"}
{"level":"info","message":"Navigating to the Website","timestamp":"2019-06-24T12:18:37.649Z"}
{"level":"info","message":"Navigating to the Website","timestamp":"2019-06-24T12:19:48.136Z"}
{"level":"info","message":"Navigating to the Website","timestamp":"2019-06-24T12:21:32.243Z"}
{"level":"info","message":"Navigating to the Website","timestamp":"2019-06-24T12:27:35.168Z"}
{"level":"info","message":"Navigating to the Website","timestamp":"2019-06-24T13:08:28.596Z"}
{"level":"info","message":"Navigating to the Website","timestamp":"2019-06-24T13:51:30.917Z"}
{"level":"info","message":"Navigating to the Website","timestamp":"2019-06-24T13:53:15.919Z"}
{"level":"info","message":"Navigating to the Website","timestamp":"2019-06-24T13:55:18.089Z"}
{"level":"info","message":"Navigating to the Website","timestamp":"2019-06-24T13:56:29.110Z"}
{"level":"info","message":"Navigating to the Website","timestamp":"2019-06-24T13:59:22.147Z"}
{"level":"info","message":"Navigating to the Website","timestamp":"2019-06-24T14:03:53.276Z"}
{"level":"info","message":"Navigating to the Website","timestamp":"2019-06-24T14:04:50.002Z"}
{"level":"info","message":"Navigating to the Website","timestamp":"2019-06-24T14:05:23.966Z"}
{"level":"info","message":"Navigating to the Website","timestamp":"2019-06-24T14:08:34.453Z"}
{"level":"info","message":"Navigating to the Website","timestamp":"2019-06-24T14:21:18.645Z"}
{"level":"info","message":"Navigating to the Website","timestamp":"2019-06-24T14:32:40.686Z"}
{"level":"info","message":"Navigating to the Website","timestamp":"2019-06-24T14:42:48.096Z"}
{"level":"info","message":"Navigating to the Website","timestamp":"2019-06-24T15:10:31.622Z"}
{"level":"info","message":"Navigating to the Website","timestamp":"2019-06-24T15:12:10.330Z"}
{"level":"info","message":"Navigating to the Website","timestamp":"2019-06-24T15:39:34.823Z"}
{"level":"info","message":"Navigating to the Website","timestamp":"2019-06-24T15:41:06.817Z"}
{"level":"info","message":"Navigating to the Website","timestamp":"2019-06-24T15:52:27.477Z"}
{"level":"info","message":"Navigating to the Website","timestamp":"2019-06-24T15:53:12.437Z"}
{"level":"info","message":"Navigating to the Website","timestamp":"2019-06-24T15:56:35.317Z"}
{"level":"info","message":"Navigating to the Website","timestamp":"2019-06-24T15:57:18.708Z"}
{"level":"info","message":"Navigating to the Website","timestamp":"2019-06-24T16:02:04.592Z"}
{"level":"info","message":"Navigating to the Website","timestamp":"2019-06-24T16:02:25.627Z"}
{"level":"info","message":"Navigating to the Website","timestamp":"2019-06-24T16:26:03.162Z"}
{"level":"info","message":"Navigating to the Website","timestamp":"2019-06-24T16:27:34.366Z"}
{"level":"info","message":"Navigating to the Website","timestamp":"2019-06-24T16:29:56.545Z"}
{"level":"info","message":"Navigating to the Website","timestamp":"2019-06-24T16:32:07.865Z"}
{"level":"info","message":"Navigating to the Website","timestamp":"2019-06-24T16:33:43.100Z"}
{"level":"info","message":"Navigating to the Website","timestamp":"2019-06-24T16:35:16.799Z"}
{"level":"info","message":"Navigating to the Website","timestamp":"2019-06-24T17:06:28.050Z"}
{"level":"info","message":"Navigating to the Website","timestamp":"2019-06-24T17:09:40.279Z"}
{"level":"info","message":"Navigating to the Website","timestamp":"2019-06-24T17:12:31.768Z"}
{"level":"info","message":"Navigating to the Website","timestamp":"2019-06-24T17:13:49.469Z"}
{"level":"info","message":"Navigating to the Website","timestamp":"2019-06-24T17:15:02.309Z"}
{"level":"info","message":"Navigating to the Website","timestamp":"2019-06-24T17:21:38.922Z"}
{"level":"info","message":"Navigating to the Website","timestamp":"2019-06-24T17:23:00.767Z"}
{"level":"info","message":"Navigating to the Website","timestamp":"2019-06-24T17:26:22.777Z"}
{"level":"info","message":"Navigating to the Website","timestamp":"2019-06-24T17:28:01.509Z"}
{"level":"info","message":"Navigating to the Website","timestamp":"2019-06-24T17:29:43.960Z"}
{"level":"info","message":"Navigating to the Website","timestamp":"2019-06-24T17:30:24.094Z"}
{"level":"info","message":"Navigating to the Website","timestamp":"2019-06-24T17:30:57.831Z"}
{"level":"info","message":"Navigating to the Website","timestamp":"2019-06-24T17:31:29.624Z"}
{"level":"info","message":"Navigating to the Website","timestamp":"2019-06-24T17:32:13.574Z"}
{"level":"info","message":"Navigating to the Website","timestamp":"2019-06-24T17:34:39.494Z"}
{"level":"info","message":"Navigating to the Website","timestamp":"2019-06-24T17:36:25.194Z"}
{"level":"info","message":"Navigating to the Website","timestamp":"2019-06-24T17:54:10.177Z"}
{"level":"info","message":"Navigating to the Website","timestamp":"2019-06-24T17:54:34.457Z"}
{"level":"info","message":"Navigating to the Website","timestamp":"2019-06-24T17:57:26.419Z"}
{"level":"info","message":"Navigating to the Website","timestamp":"2019-06-24T17:58:35.720Z"}
{"level":"info","message":"Navigating to the Website","timestamp":"2019-06-24T18:00:23.337Z"}
{"level":"info","message":"Navigating to the Website","timestamp":"2019-06-24T18:05:22.897Z"}
{"level":"info","message":"Navigating to the Website","timestamp":"2019-06-24T18:13:29.500Z"}
{"level":"info","message":"Navigating to the Website","timestamp":"2019-06-24T18:18:16.565Z"}
{"level":"info","message":"Navigating to the Website","timestamp":"2019-06-24T18:18:36.563Z"}
{"level":"info","message":"Navigating to the Website","timestamp":"2019-06-24T18:20:08.382Z"}
{"level":"info","message":"Navigating to the Website","timestamp":"2019-06-24T18:20:29.980Z"}
{"level":"info","message":"Navigating to the Website","timestamp":"2019-06-24T18:44:18.041Z"}
{"level":"info","message":"Navigating to the Website","timestamp":"2019-06-24T18:45:34.718Z"}
{"level":"info","message":"Navigating to the Website","timestamp":"2019-06-24T18:46:34.805Z"}
{"level":"info","message":"Navigating to the Website","timestamp":"2019-06-24T18:47:16.368Z"}
{"level":"info","message":"Navigating to the Website","timestamp":"2019-06-24T18:48:11.242Z"}
{"level":"info","message":"Navigating to the Website","timestamp":"2019-06-24T18:55:04.302Z"}
{"level":"info","message":"Navigating to the Website","timestamp":"2019-06-24T18:55:56.682Z"}
{"level":"info","message":"Navigating to the Website","timestamp":"2019-06-24T18:57:36.645Z"}
{"level":"info","message":"Navigating to the Website","timestamp":"2019-06-24T19:02:14.328Z"}
{"level":"info","message":"Navigating to the Website","timestamp":"2019-06-24T19:07:41.311Z"}
{"level":"info","message":"Navigating to the Website","timestamp":"2019-06-24T19:09:17.582Z"}
{"level":"info","message":"Navigating to the Website","timestamp":"2019-06-24T19:12:39.745Z"}
{"level":"info","message":"Navigating to the Website","timestamp":"2019-06-24T19:14:22.520Z"}
{"level":"info","message":"Navigating to the Website","timestamp":"2019-06-24T21:44:26.606Z"}
{"level":"info","message":"Navigating to the Website","timestamp":"2019-06-24T22:40:41.859Z"}
{"level":"info","message":"Navigating to the Website","timestamp":"2019-06-24T22:47:16.151Z"}
{"level":"info","message":"Navigating to the Website","timestamp":"2019-06-24T22:51:26.567Z"}
{"level":"info","message":"Navigating to the Website","timestamp":"2019-06-24T22:54:02.959Z"}
{"level":"info","message":"Navigating to the Website","timestamp":"2019-06-24T22:55:28.455Z"}
{"level":"info","message":"Navigating to the Website","timestamp":"2019-06-24T22:58:01.316Z"}
{"level":"info","message":"Navigating to the Website","timestamp":"2019-06-24T23:06:44.458Z"}
{"level":"info","message":"Navigating to the Website","timestamp":"2019-06-24T23:08:10.674Z"}
{"level":"info","message":"Navigating to the Website","timestamp":"2019-06-24T23:14:20.611Z"}
{"level":"info","message":"Navigating to the Website","timestamp":"2019-06-24T23:17:13.739Z"}
{"level":"info","message":"Navigating to the Website","timestamp":"2019-06-24T23:24:10.869Z"}
{"level":"info","message":"Navigating to the Website","timestamp":"2019-06-24T23:28:05.439Z"}
{"level":"info","message":"Navigating to the Website","timestamp":"2019-06-24T23:38:44.857Z"}
{"level":"info","message":"Navigating to the Website","timestamp":"2019-06-24T23:40:32.551Z"}
{"level":"info","message":"Navigating to the Website","timestamp":"2019-06-24T23:49:33.532Z"}
{"level":"info","message":"Navigating to the Website","timestamp":"2019-06-24T23:51:24.389Z"}
{"level":"info","message":"Navigating to the Website","timestamp":"2019-06-25T00:06:18.169Z"}
{"level":"info","message":"Navigating to the Website","timestamp":"2019-06-25T00:07:12.613Z"}
{"level":"info","message":"Navigating to the Website","timestamp":"2019-06-25T00:18:49.301Z"}
{"level":"info","message":"Navigating to the Website","timestamp":"2019-06-25T00:20:44.074Z"}
{"level":"info","message":"Navigating to the Website","timestamp":"2019-06-25T00:23:11.773Z"}
{"level":"info","message":"Test Case : 1 started","timestamp":"2019-06-25T00:48:37.545Z"}
{"level":"info","message":"Navigating to the Website , Entering loan amount and loan purpose","timestamp":"2019-06-25T00:48:37.549Z"}
{"level":"info","message":"Getting title of the next page","timestamp":"2019-06-25T00:48:37.552Z"}
{"level":"info","message":"Entering user Basic information","timestamp":"2019-06-25T00:48:37.552Z"}
{"level":"info","message":"Clicking on terms checkbox on personal information page","timestamp":"2019-06-25T00:48:37.555Z"}
{"level":"info","message":"Clicking on check your rate button on personal information page","timestamp":"2019-06-25T00:48:37.555Z"}
{"level":"info","message":"Capturing loaloan_Amount, APR, loanTerm, MonthlyPayment on offerPage","timestamp":"2019-06-25T00:48:37.555Z"}
{"level":"info","message":"testCase successfully completed","timestamp":"2019-06-25T00:48:50.883Z"}
{"level":"info","message":"Test Case : 2 started","timestamp":"2019-06-25T00:48:51.984Z"}
{"level":"info","message":"Clicking on the login button","timestamp":"2019-06-25T00:48:51.985Z"}
{"level":"info","message":"Capturing loaloan_Amount, APR, loanTerm, MonthlyPayment on offerPage after logging again","timestamp":"2019-06-25T00:48:51.986Z"}
{"level":"info","message":"Verify offer_APR with previously captured APR","timestamp":"2019-06-25T00:48:56.898Z"}
{"level":"info","message":"Verify offer_loan_Amount with previously captured loan_Amount","timestamp":"2019-06-25T00:48:56.901Z"}
{"level":"info","message":"Verify offer_loanTerm with previously captured loanTerm","timestamp":"2019-06-25T00:48:56.902Z"}
{"level":"info","message":"Verify offer_monthlyPayment with previously captured monthlyPayment","timestamp":"2019-06-25T00:48:56.902Z"}
